[ 2018-03-15T18:04:35+08:00 ] ::1 /index.php/admin/index/update_config
INFO: [ app_init ] --START--
INFO: Run Behavior\BuildLiteBehavior [ RunTime:0.000009s ]
INFO: [ app_init ] --END-- [ RunTime:0.000243s ]
INFO: [ app_begin ] --START--
INFO: Run Behavior\ReadHtmlCacheBehavior [ RunTime:0.000242s ]
INFO: [ app_begin ] --END-- [ RunTime:0.000260s ]
NOTIC: [8] Undefined index: DB_PARAMS /Users/linyanliu/www/bitgo/Corlib/Library/Think/Db/Driver.class.php 第 103 行.
SQL: SHOW COLUMNS FROM `data_project_config` [ RunTime:0.0005s ]
SQL: SELECT * FROM `data_project_config` WHERE `pro_is_delete` = 0  [ RunTime:0.0003s ]
NOTIC: [8] curl_setopt(): CURLOPT_SSL_VERIFYHOST no longer accepts the value 1, value 2 will be used instead /Users/linyanliu/www/bitgo/Common/Service/UtilService.class.php 第 16 行.
NOTIC: [8] curl_setopt(): CURLOPT_SSL_VERIFYHOST no longer accepts the value 1, value 2 will be used instead /Users/linyanliu/www/bitgo/Common/Service/UtilService.class.php 第 16 行.
SQL: UPDATE `data_project_config` SET `pro_name`='XRP-瑞波币',`pro_alias`='ripple',`pro_money`='1000',`pro_num`='5000000',`pro_trade_net`='BIT-Z',`pro_status_desc`='锁仓50%，另外每月10%',`pro_ico_base_price`='0.00020000',`pro_ico_now_price`='0.0011645',`pro_money_percent`='482.25',`pro_money_basebi_name`='ETH',`pro_add_time`='2018-03-15 16:54:01',`pro_add_user`='lly',`pro_is_delete`='0' WHERE `pro_id` = 1 [ RunTime:0.0012s ]
NOTIC: [2] Illegal string offset 'pro_id' /Users/linyanliu/www/bitgo/Apps/Admin/Controller/IndexController.class.php 第 244 行.
NOTIC: [2] Illegal string offset 'pro_alias_name' /Users/linyanliu/www/bitgo/Apps/Admin/Controller/IndexController.class.php 第 245 行.
NOTIC: [2] Illegal string offset 'pro_basebi_name' /Users/linyanliu/www/bitgo/Apps/Admin/Controller/IndexController.class.php 第 246 行.
NOTIC: [2] Illegal string offset 'pro_bi_price' /Users/linyanliu/www/bitgo/Apps/Admin/Controller/IndexController.class.php 第 247 行.
NOTIC: [2] Illegal string offset 'pro_basebi_price' /Users/linyanliu/www/bitgo/Apps/Admin/Controller/IndexController.class.php 第 248 行.
NOTIC: [2] Illegal string offset 'pro_price_getsource' /Users/linyanliu/www/bitgo/Apps/Admin/Controller/IndexController.class.php 第 249 行.
NOTIC: [2] Illegal string offset 'price_add_time' /Users/linyanliu/www/bitgo/Apps/Admin/Controller/IndexController.class.php 第 250 行.
NOTIC: [2] Illegal string offset 'price_add_user' /Users/linyanliu/www/bitgo/Apps/Admin/Controller/IndexController.class.php 第 251 行.
NOTIC: [8] curl_setopt(): CURLOPT_SSL_VERIFYHOST no longer accepts the value 1, value 2 will be used instead /Users/linyanliu/www/bitgo/Common/Service/UtilService.class.php 第 16 行.
SQL: UPDATE `data_project_config` SET `pro_name`='LTC-莱特币',`pro_alias`='litecoin',`pro_money`='300',`pro_num`='3666600',`pro_trade_net`='coinegg',`pro_status_desc`='第一个月解锁40%，首月的40%分四次打过来，后五个月每个月12%',`pro_ico_base_price`='0.00008181',`pro_ico_now_price`='0.26595474',`pro_money_percent`='324988.3021',`pro_money_basebi_name`='ETH',`pro_add_time`='2018-03-15 16:54:01',`pro_add_user`='lly',`pro_is_delete`='0' WHERE `pro_id` = 2 [ RunTime:0.0013s ]
NOTIC: [2] Illegal string offset 'pro_id' /Users/linyanliu/www/bitgo/Apps/Admin/Controller/IndexController.class.php 第 244 行.
NOTIC: [2] Illegal string offset 'pro_alias_name' /Users/linyanliu/www/bitgo/Apps/Admin/Controller/IndexController.class.php 第 245 行.
NOTIC: [2] Illegal string offset 'pro_basebi_name' /Users/linyanliu/www/bitgo/Apps/Admin/Controller/IndexController.class.php 第 246 行.
NOTIC: [2] Illegal string offset 'pro_bi_price' /Users/linyanliu/www/bitgo/Apps/Admin/Controller/IndexController.class.php 第 247 行.
NOTIC: [2] Illegal string offset 'pro_basebi_price' /Users/linyanliu/www/bitgo/Apps/Admin/Controller/IndexController.class.php 第 248 行.
NOTIC: [2] Illegal string offset 'pro_price_getsource' /Users/linyanliu/www/bitgo/Apps/Admin/Controller/IndexController.class.php 第 249 行.
NOTIC: [2] Illegal string offset 'price_add_time' /Users/linyanliu/www/bitgo/Apps/Admin/Controller/IndexController.class.php 第 250 行.
NOTIC: [2] Illegal string offset 'price_add_user' /Users/linyanliu/www/bitgo/Apps/Admin/Controller/IndexController.class.php 第 251 行.
SQL: SHOW COLUMNS FROM `data_project_pricelist` [ RunTime:0.0009s ]
SQL: INSERT INTO `data_project_pricelist` () VALUES () [ RunTime:0.0004s ]
ERR: 1364:Field 'pro_id' doesn't have a default value
 [ SQL语句 ] : INSERT INTO `data_project_pricelist` () VALUES ()
ERR: 1364:Field 'pro_id' doesn't have a default value
 [ SQL语句 ] : INSERT INTO `data_project_pricelist` () VALUES ()

[ 2018-03-15T18:05:44+08:00 ] ::1 /index.php/admin/index/update_config
INFO: [ app_init ] --START--
INFO: Run Behavior\BuildLiteBehavior [ RunTime:0.000038s ]
INFO: [ app_init ] --END-- [ RunTime:0.000327s ]
INFO: [ app_begin ] --START--
INFO: Run Behavior\ReadHtmlCacheBehavior [ RunTime:0.000390s ]
INFO: [ app_begin ] --END-- [ RunTime:0.000420s ]
NOTIC: [8] Undefined index: DB_PARAMS /Users/linyanliu/www/bitgo/Corlib/Library/Think/Db/Driver.class.php 第 103 行.
SQL: SELECT * FROM `data_project_config` WHERE `pro_is_delete` = 0  [ RunTime:0.0013s ]
SQL: UPDATE `data_project_config` SET `pro_name`='XRP-瑞波币',`pro_alias`='ripple',`pro_money`='1000',`pro_num`='5000000',`pro_trade_net`='BIT-Z',`pro_status_desc`='锁仓50%，另外每月10%',`pro_ico_base_price`='0.00020000',`pro_ico_now_price`='0.00126998',`pro_money_percent`='534.99',`pro_money_basebi_name`='ETH',`pro_add_time`='2018-03-15 16:54:01',`pro_add_user`='lly',`pro_is_delete`='0' WHERE `pro_id` = 1 [ RunTime:0.0016s ]
NOTIC: [2] Illegal string offset 'pro_id' /Users/linyanliu/www/bitgo/Apps/Admin/Controller/IndexController.class.php 第 244 行.
NOTIC: [2] Illegal string offset 'pro_alias_name' /Users/linyanliu/www/bitgo/Apps/Admin/Controller/IndexController.class.php 第 245 行.
NOTIC: [2] Illegal string offset 'pro_basebi_name' /Users/linyanliu/www/bitgo/Apps/Admin/Controller/IndexController.class.php 第 246 行.
NOTIC: [2] Illegal string offset 'pro_bi_price' /Users/linyanliu/www/bitgo/Apps/Admin/Controller/IndexController.class.php 第 247 行.
NOTIC: [2] Illegal string offset 'pro_basebi_price' /Users/linyanliu/www/bitgo/Apps/Admin/Controller/IndexController.class.php 第 248 行.
NOTIC: [2] Illegal string offset 'pro_price_getsource' /Users/linyanliu/www/bitgo/Apps/Admin/Controller/IndexController.class.php 第 249 行.
NOTIC: [2] Illegal string offset 'price_add_time' /Users/linyanliu/www/bitgo/Apps/Admin/Controller/IndexController.class.php 第 250 行.
NOTIC: [2] Illegal string offset 'price_add_user' /Users/linyanliu/www/bitgo/Apps/Admin/Controller/IndexController.class.php 第 251 行.
SQL: UPDATE `data_project_config` SET `pro_name`='LTC-莱特币',`pro_alias`='litecoin',`pro_money`='300',`pro_num`='3666600',`pro_trade_net`='coinegg',`pro_status_desc`='第一个月解锁40%，首月的40%分四次打过来，后五个月每个月12%',`pro_ico_base_price`='0.00008181',`pro_ico_now_price`='0.00126998',`pro_money_percent`='1452.353',`pro_money_basebi_name`='ETH',`pro_add_time`='2018-03-15 16:54:01',`pro_add_user`='lly',`pro_is_delete`='0' WHERE `pro_id` = 2 [ RunTime:0.0006s ]
NOTIC: [2] Illegal string offset 'pro_id' /Users/linyanliu/www/bitgo/Apps/Admin/Controller/IndexController.class.php 第 244 行.
NOTIC: [2] Illegal string offset 'pro_alias_name' /Users/linyanliu/www/bitgo/Apps/Admin/Controller/IndexController.class.php 第 245 行.
NOTIC: [2] Illegal string offset 'pro_basebi_name' /Users/linyanliu/www/bitgo/Apps/Admin/Controller/IndexController.class.php 第 246 行.
NOTIC: [2] Illegal string offset 'pro_bi_price' /Users/linyanliu/www/bitgo/Apps/Admin/Controller/IndexController.class.php 第 247 行.
NOTIC: [2] Illegal string offset 'pro_basebi_price' /Users/linyanliu/www/bitgo/Apps/Admin/Controller/IndexController.class.php 第 248 行.
NOTIC: [2] Illegal string offset 'pro_price_getsource' /Users/linyanliu/www/bitgo/Apps/Admin/Controller/IndexController.class.php 第 249 行.
NOTIC: [2] Illegal string offset 'price_add_time' /Users/linyanliu/www/bitgo/Apps/Admin/Controller/IndexController.class.php 第 250 行.
NOTIC: [2] Illegal string offset 'price_add_user' /Users/linyanliu/www/bitgo/Apps/Admin/Controller/IndexController.class.php 第 251 行.
SQL: INSERT INTO `data_project_pricelist` () VALUES () [ RunTime:0.0004s ]
ERR: 1364:Field 'pro_id' doesn't have a default value
 [ SQL语句 ] : INSERT INTO `data_project_pricelist` () VALUES ()
ERR: 1364:Field 'pro_id' doesn't have a default value
 [ SQL语句 ] : INSERT INTO `data_project_pricelist` () VALUES ()

[ 2018-03-15T18:07:05+08:00 ] ::1 /index.php/admin/index/update_config
INFO: [ app_init ] --START--
INFO: Run Behavior\BuildLiteBehavior [ RunTime:0.000008s ]
INFO: [ app_init ] --END-- [ RunTime:0.000171s ]
INFO: [ app_begin ] --START--
INFO: Run Behavior\ReadHtmlCacheBehavior [ RunTime:0.000208s ]
INFO: [ app_begin ] --END-- [ RunTime:0.000222s ]
NOTIC: [8] Undefined index: DB_PARAMS /Users/linyanliu/www/bitgo/Corlib/Library/Think/Db/Driver.class.php 第 103 行.
SQL: SELECT * FROM `data_project_config` WHERE `pro_is_delete` = 0  [ RunTime:0.0003s ]
SQL: INSERT INTO `data_project_pricelist` (`pro_id`,`pro_alias_name`,`pro_basebi_name`,`pro_bi_price`,`pro_basebi_price`,`pro_price_getsource`,`price_add_time`,`price_add_user`) VALUES ('1','ripple','ETH','4.29','3378','1','2018-03-15 18:07','lly') [ RunTime:0.0011s ]
SQL: INSERT INTO `data_project_pricelist` (`pro_id`,`pro_alias_name`,`pro_basebi_name`,`pro_bi_price`,`pro_basebi_price`,`pro_price_getsource`,`price_add_time`,`price_add_user`) VALUES ('2','litecoin','ETH','4.29','3378','1','2018-03-15 18:07','lly') [ RunTime:0.0004s ]
INFO: [ app_end ] --START--
INFO: Run Behavior\ShowPageTraceBehavior [ RunTime:0.000757s ]
INFO: [ app_end ] --END-- [ RunTime:0.000784s ]

[ 2018-03-15T18:07:59+08:00 ] ::1 /index.php/admin/index/update_config
INFO: [ app_init ] --START--
INFO: Run Behavior\BuildLiteBehavior [ RunTime:0.000006s ]
INFO: [ app_init ] --END-- [ RunTime:0.000164s ]
INFO: [ app_begin ] --START--
INFO: Run Behavior\ReadHtmlCacheBehavior [ RunTime:0.000215s ]
INFO: [ app_begin ] --END-- [ RunTime:0.000231s ]
NOTIC: [8] Undefined index: DB_PARAMS /Users/linyanliu/www/bitgo/Corlib/Library/Think/Db/Driver.class.php 第 103 行.
SQL: SELECT * FROM `data_project_config` WHERE `pro_is_delete` = 0  [ RunTime:0.0003s ]
SQL: INSERT INTO `data_project_pricelist` (`pro_id`,`pro_alias_name`,`pro_basebi_name`,`pro_bi_price`,`pro_basebi_price`,`pro_price_getsource`,`price_add_time`,`price_add_user`) VALUES ('1','ripple','ETH','4.29','3378','1','2018-03-15 18:07','lly') [ RunTime:0.0024s ]
SQL: INSERT INTO `data_project_pricelist` (`pro_id`,`pro_alias_name`,`pro_basebi_name`,`pro_bi_price`,`pro_basebi_price`,`pro_price_getsource`,`price_add_time`,`price_add_user`) VALUES ('2','litecoin','ETH','4.29','3378','1','2018-03-15 18:07','lly') [ RunTime:0.0007s ]
INFO: [ app_end ] --START--
INFO: Run Behavior\ShowPageTraceBehavior [ RunTime:0.000346s ]
INFO: [ app_end ] --END-- [ RunTime:0.000365s ]

[ 2018-03-15T18:09:50+08:00 ] ::1 /index.php/admin/index/project_config_add
INFO: [ app_init ] --START--
INFO: Run Behavior\BuildLiteBehavior [ RunTime:0.000006s ]
INFO: [ app_init ] --END-- [ RunTime:0.000159s ]
INFO: [ app_begin ] --START--
INFO: Run Behavior\ReadHtmlCacheBehavior [ RunTime:0.000203s ]
INFO: [ app_begin ] --END-- [ RunTime:0.000217s ]
ERR: 非法操作:project_config_add

[ 2018-03-15T18:10:01+08:00 ] ::1 /index.php/admin/index/project_config_add
INFO: [ app_init ] --START--
INFO: Run Behavior\BuildLiteBehavior [ RunTime:0.000006s ]
INFO: [ app_init ] --END-- [ RunTime:0.000157s ]
INFO: [ app_begin ] --START--
INFO: Run Behavior\ReadHtmlCacheBehavior [ RunTime:0.000248s ]
INFO: [ app_begin ] --END-- [ RunTime:0.000264s ]
NOTIC: [8] Undefined index: DB_PARAMS /Users/linyanliu/www/bitgo/Corlib/Library/Think/Db/Driver.class.php 第 103 行.
SQL: INSERT INTO `data_project_config` (`pro_name`,`pro_alias`,`pro_money`,`pro_num`,`pro_trade_net`,`pro_status_desc`,`pro_ico_base_price`,`pro_ico_now_price`,`pro_money_percent`,`pro_money_basebi_name`,`pro_add_time`,`pro_add_user`) VALUES ('XRP-瑞波币','ripple','1000','5000000','BIT-Z','锁仓50%，另外每月10%','0.0002','','','ETH','2018-03-15 18:10:01','lly') [ RunTime:0.0022s ]
SQL: INSERT INTO `data_project_config` (`pro_name`,`pro_alias`,`pro_money`,`pro_num`,`pro_trade_net`,`pro_status_desc`,`pro_ico_base_price`,`pro_ico_now_price`,`pro_money_percent`,`pro_money_basebi_name`,`pro_add_time`,`pro_add_user`) VALUES ('LTC-莱特币','litecoin','300','3666600','coinegg','第一个月解锁40%，首月的40%分四次打过来，后五个月每个月12%','0.00008181','','','ETH','2018-03-15 18:10:01','lly') [ RunTime:0.0008s ]
INFO: [ app_end ] --START--
INFO: Run Behavior\ShowPageTraceBehavior [ RunTime:0.000377s ]
INFO: [ app_end ] --END-- [ RunTime:0.000399s ]

[ 2018-03-15T18:12:58+08:00 ] ::1 /index.php/admin/index/update_config
INFO: [ app_init ] --START--
INFO: Run Behavior\BuildLiteBehavior [ RunTime:0.000006s ]
INFO: [ app_init ] --END-- [ RunTime:0.000160s ]
INFO: [ app_begin ] --START--
INFO: Run Behavior\ReadHtmlCacheBehavior [ RunTime:0.000224s ]
INFO: [ app_begin ] --END-- [ RunTime:0.000253s ]
NOTIC: [8] Undefined index: DB_PARAMS /Users/linyanliu/www/bitgo/Corlib/Library/Think/Db/Driver.class.php 第 103 行.
SQL: SELECT * FROM `data_project_config` WHERE `pro_is_delete` = 0  [ RunTime:0.0028s ]

[ 2018-03-15T18:13:20+08:00 ] ::1 /index.php/admin/index/update_config
INFO: [ app_init ] --START--
INFO: Run Behavior\BuildLiteBehavior [ RunTime:0.000006s ]
INFO: [ app_init ] --END-- [ RunTime:0.000162s ]
INFO: [ app_begin ] --START--
INFO: Run Behavior\ReadHtmlCacheBehavior [ RunTime:0.000209s ]
INFO: [ app_begin ] --END-- [ RunTime:0.000223s ]
NOTIC: [8] Undefined index: DB_PARAMS /Users/linyanliu/www/bitgo/Corlib/Library/Think/Db/Driver.class.php 第 103 行.
SQL: SELECT * FROM `data_project_config` WHERE `pro_is_delete` = 0  [ RunTime:0.0009s ]

[ 2018-03-15T18:17:57+08:00 ] ::1 /index.php/admin/index/update_config
INFO: [ app_init ] --START--
INFO: Run Behavior\BuildLiteBehavior [ RunTime:0.000007s ]
INFO: [ app_init ] --END-- [ RunTime:0.000200s ]
INFO: [ app_begin ] --START--
INFO: Run Behavior\ReadHtmlCacheBehavior [ RunTime:0.000282s ]
INFO: [ app_begin ] --END-- [ RunTime:0.000303s ]
NOTIC: [8] Undefined index: DB_PARAMS /Users/linyanliu/www/bitgo/Corlib/Library/Think/Db/Driver.class.php 第 103 行.
SQL: SELECT * FROM `data_project_config` WHERE `pro_is_delete` = 0  [ RunTime:0.0004s ]
NOTIC: [8] curl_setopt(): CURLOPT_SSL_VERIFYHOST no longer accepts the value 1, value 2 will be used instead /Users/linyanliu/www/bitgo/Common/Service/UtilService.class.php 第 16 行.
NOTIC: [8] curl_setopt(): CURLOPT_SSL_VERIFYHOST no longer accepts the value 1, value 2 will be used instead /Users/linyanliu/www/bitgo/Common/Service/UtilService.class.php 第 16 行.
SQL: UPDATE `data_project_config` SET `pro_name`='XRP-瑞波币',`pro_alias`='ripple',`pro_money`='1000',`pro_num`='5000000',`pro_trade_net`='BIT-Z',`pro_status_desc`='锁仓50%，另外每月10%',`pro_ico_base_price`='0.0002',`pro_ico_now_price`='0.00115989',`pro_money_percent`='479.945',`pro_money_basebi_name`='ETH',`pro_add_time`='2018-03-15 18:10:01',`pro_add_user`='lly',`pro_is_delete`='0' WHERE `pro_id` = 1 [ RunTime:0.0049s ]
NOTIC: [8] curl_setopt(): CURLOPT_SSL_VERIFYHOST no longer accepts the value 1, value 2 will be used instead /Users/linyanliu/www/bitgo/Common/Service/UtilService.class.php 第 16 行.
SQL: UPDATE `data_project_config` SET `pro_name`='LTC-莱特币',`pro_alias`='litecoin',`pro_money`='300',`pro_num`='3666600',`pro_trade_net`='coinegg',`pro_status_desc`='第一个月解锁40%，首月的40%分四次打过来，后五个月每个月12%',`pro_ico_base_price`='0.00008181',`pro_ico_now_price`='0.26649746',`pro_money_percent`='325651.6929',`pro_money_basebi_name`='ETH',`pro_add_time`='2018-03-15 18:10:01',`pro_add_user`='lly',`pro_is_delete`='0' WHERE `pro_id` = 2 [ RunTime:0.0029s ]
SQL: INSERT INTO `data_project_pricelist` (`pro_id`,`pro_alias_name`,`pro_basebi_name`,`pro_bi_price`,`pro_basebi_price`,`pro_price_getsource`,`price_add_time`,`price_add_user`) VALUES ('1','ripple','ETH','4.57','3940','1','2018-03-15 18:17','lly') [ RunTime:0.0011s ]
SQL: INSERT INTO `data_project_pricelist` (`pro_id`,`pro_alias_name`,`pro_basebi_name`,`pro_bi_price`,`pro_basebi_price`,`pro_price_getsource`,`price_add_time`,`price_add_user`) VALUES ('2','litecoin','ETH','1050','3940','1','2018-03-15 18:17','lly') [ RunTime:0.0008s ]
INFO: [ app_end ] --START--
INFO: Run Behavior\ShowPageTraceBehavior [ RunTime:0.000663s ]
INFO: [ app_end ] --END-- [ RunTime:0.000698s ]

[ 2018-03-15T18:44:39+08:00 ] ::1 /index.php/admin/index/download
INFO: [ app_init ] --START--
INFO: Run Behavior\BuildLiteBehavior [ RunTime:0.000006s ]
INFO: [ app_init ] --END-- [ RunTime:0.000177s ]
INFO: [ app_begin ] --START--
INFO: Run Behavior\ReadHtmlCacheBehavior [ RunTime:0.000222s ]
INFO: [ app_begin ] --END-- [ RunTime:0.000238s ]
ERR: syntax error, unexpected end of file, expecting function (T_FUNCTION) or const (T_CONST)

[ 2018-03-15T18:44:52+08:00 ] ::1 /index.php/admin/index/download
INFO: [ app_init ] --START--
INFO: Run Behavior\BuildLiteBehavior [ RunTime:0.000007s ]
INFO: [ app_init ] --END-- [ RunTime:0.000169s ]
INFO: [ app_begin ] --START--
INFO: Run Behavior\ReadHtmlCacheBehavior [ RunTime:0.000236s ]
INFO: [ app_begin ] --END-- [ RunTime:0.000253s ]
NOTIC: [8] Undefined index: DB_PARAMS /Users/linyanliu/www/bitgo/Corlib/Library/Think/Db/Driver.class.php 第 103 行.
SQL: SELECT * FROM `data_project_config` WHERE `pro_is_delete` = 0  [ RunTime:0.0029s ]

[ 2018-03-15T18:45:22+08:00 ] ::1 /index.php/admin/index/download
INFO: [ app_init ] --START--
INFO: Run Behavior\BuildLiteBehavior [ RunTime:0.000007s ]
INFO: [ app_init ] --END-- [ RunTime:0.000181s ]
INFO: [ app_begin ] --START--
INFO: Run Behavior\ReadHtmlCacheBehavior [ RunTime:0.000247s ]
INFO: [ app_begin ] --END-- [ RunTime:0.000411s ]
NOTIC: [8] Undefined index: DB_PARAMS /Users/linyanliu/www/bitgo/Corlib/Library/Think/Db/Driver.class.php 第 103 行.
SQL: SELECT * FROM `data_project_config` WHERE `pro_is_delete` = 0  [ RunTime:0.0004s ]

[ 2018-03-15T18:50:35+08:00 ] ::1 /index.php/admin/index/download
INFO: [ app_init ] --START--
INFO: Run Behavior\BuildLiteBehavior [ RunTime:0.000006s ]
INFO: [ app_init ] --END-- [ RunTime:0.000156s ]
INFO: [ app_begin ] --START--
INFO: Run Behavior\ReadHtmlCacheBehavior [ RunTime:0.000205s ]
INFO: [ app_begin ] --END-- [ RunTime:0.000218s ]
NOTIC: [8] Undefined index: DB_PARAMS /Users/linyanliu/www/bitgo/Corlib/Library/Think/Db/Driver.class.php 第 103 行.
SQL: SELECT `pro_name`,`pro_alias`,`pro_money`,`pro_num`,`pro_trade_net`,`pro_status_desc`,`pro_ico_base_price`,`pro_ico_now_price`,`pro_money_percent` FROM `data_project_config` WHERE `pro_is_delete` = 0  [ RunTime:0.0003s ]

[ 2018-03-15T18:53:10+08:00 ] ::1 /index.php/admin/index/download
INFO: [ app_init ] --START--
INFO: Run Behavior\BuildLiteBehavior [ RunTime:0.000008s ]
INFO: [ app_init ] --END-- [ RunTime:0.000209s ]
INFO: [ app_begin ] --START--
INFO: Run Behavior\ReadHtmlCacheBehavior [ RunTime:0.000367s ]
INFO: [ app_begin ] --END-- [ RunTime:0.000391s ]
NOTIC: [8] Undefined index: DB_PARAMS /Users/linyanliu/www/bitgo/Corlib/Library/Think/Db/Driver.class.php 第 103 行.
SQL: SELECT `pro_name`,`pro_alias`,`pro_money`,`pro_num`,`pro_trade_net`,`pro_status_desc`,`pro_ico_base_price`,`pro_ico_now_price`,`pro_money_percent` FROM `data_project_config` WHERE `pro_is_delete` = 0  [ RunTime:0.0003s ]

[ 2018-03-15T18:58:46+08:00 ] ::1 /index.php/admin/index/download
INFO: [ app_init ] --START--
INFO: Run Behavior\BuildLiteBehavior [ RunTime:0.000009s ]
INFO: [ app_init ] --END-- [ RunTime:0.000892s ]
INFO: [ app_begin ] --START--
INFO: Run Behavior\ReadHtmlCacheBehavior [ RunTime:0.000744s ]
INFO: [ app_begin ] --END-- [ RunTime:0.000775s ]
NOTIC: [8] Undefined index: DB_PARAMS /Users/linyanliu/www/bitgo/Corlib/Library/Think/Db/Driver.class.php 第 103 行.
SQL: SELECT `pro_name`,`pro_alias`,`pro_money`,`pro_num`,`pro_trade_net`,`pro_status_desc`,`pro_ico_base_price`,`pro_ico_now_price`,`pro_money_percent` FROM `data_project_config` WHERE `pro_is_delete` = 0  [ RunTime:0.0006s ]
INFO: [ app_end ] --START--
INFO: Run Behavior\ShowPageTraceBehavior [ RunTime:0.001072s ]
INFO: [ app_end ] --END-- [ RunTime:0.001105s ]

[ 2018-03-15T19:01:23+08:00 ] ::1 /index.php/admin/index/download
INFO: [ app_init ] --START--
INFO: Run Behavior\BuildLiteBehavior [ RunTime:0.000006s ]
INFO: [ app_init ] --END-- [ RunTime:0.000157s ]
INFO: [ app_begin ] --START--
INFO: Run Behavior\ReadHtmlCacheBehavior [ RunTime:0.000201s ]
INFO: [ app_begin ] --END-- [ RunTime:0.000215s ]
ERR: syntax error, unexpected ';', expecting ',' or ')'

[ 2018-03-15T19:01:35+08:00 ] ::1 /index.php/admin/index/download
INFO: [ app_init ] --START--
INFO: Run Behavior\BuildLiteBehavior [ RunTime:0.000006s ]
INFO: [ app_init ] --END-- [ RunTime:0.000197s ]
INFO: [ app_begin ] --START--
INFO: Run Behavior\ReadHtmlCacheBehavior [ RunTime:0.000232s ]
INFO: [ app_begin ] --END-- [ RunTime:0.000246s ]
NOTIC: [8] Undefined index: DB_PARAMS /Users/linyanliu/www/bitgo/Corlib/Library/Think/Db/Driver.class.php 第 103 行.
SQL: SELECT `pro_name`,`pro_alias`,`pro_money`,`pro_num`,`pro_trade_net`,`pro_status_desc`,`pro_ico_base_price`,`pro_ico_now_price`,`pro_money_percent` FROM `data_project_config` WHERE `pro_is_delete` = 0  [ RunTime:0.0027s ]
NOTIC: [2] bcdiv() expects parameter 1 to be string, array given /Users/linyanliu/www/bitgo/Apps/Admin/Controller/IndexController.class.php 第 328 行.
NOTIC: [2] array_sum() expects parameter 1 to be array, string given /Users/linyanliu/www/bitgo/Apps/Admin/Controller/IndexController.class.php 第 329 行.
INFO: [ app_end ] --START--
INFO: Run Behavior\ShowPageTraceBehavior [ RunTime:0.000334s ]
INFO: [ app_end ] --END-- [ RunTime:0.000352s ]

[ 2018-03-15T19:02:25+08:00 ] ::1 /index.php/admin/index/download
INFO: [ app_init ] --START--
INFO: Run Behavior\BuildLiteBehavior [ RunTime:0.000006s ]
INFO: [ app_init ] --END-- [ RunTime:0.000154s ]
INFO: [ app_begin ] --START--
INFO: Run Behavior\ReadHtmlCacheBehavior [ RunTime:0.000200s ]
INFO: [ app_begin ] --END-- [ RunTime:0.000214s ]
NOTIC: [8] Undefined index: DB_PARAMS /Users/linyanliu/www/bitgo/Corlib/Library/Think/Db/Driver.class.php 第 103 行.
SQL: SELECT `pro_name`,`pro_alias`,`pro_money`,`pro_num`,`pro_trade_net`,`pro_status_desc`,`pro_ico_base_price`,`pro_ico_now_price`,`pro_money_percent` FROM `data_project_config` WHERE `pro_is_delete` = 0  [ RunTime:0.0003s ]
INFO: [ app_end ] --START--
INFO: Run Behavior\ShowPageTraceBehavior [ RunTime:0.000276s ]
INFO: [ app_end ] --END-- [ RunTime:0.000290s ]

[ 2018-03-15T19:03:46+08:00 ] ::1 /index.php/admin/index/download
INFO: [ app_init ] --START--
INFO: Run Behavior\BuildLiteBehavior [ RunTime:0.000007s ]
INFO: [ app_init ] --END-- [ RunTime:0.000249s ]
INFO: [ app_begin ] --START--
INFO: Run Behavior\ReadHtmlCacheBehavior [ RunTime:0.000434s ]
INFO: [ app_begin ] --END-- [ RunTime:0.000460s ]
NOTIC: [8] Undefined index: DB_PARAMS /Users/linyanliu/www/bitgo/Corlib/Library/Think/Db/Driver.class.php 第 103 行.
SQL: SELECT `pro_name`,`pro_alias`,`pro_money`,`pro_num`,`pro_trade_net`,`pro_status_desc`,`pro_ico_base_price`,`pro_ico_now_price`,`pro_money_percent` FROM `data_project_config` WHERE `pro_is_delete` = 0  [ RunTime:0.0004s ]
INFO: [ app_end ] --START--
INFO: Run Behavior\ShowPageTraceBehavior [ RunTime:0.000287s ]
INFO: [ app_end ] --END-- [ RunTime:0.000302s ]

[ 2018-03-15T19:08:08+08:00 ] ::1 /index.php/admin/index/download
INFO: [ app_init ] --START--
INFO: Run Behavior\BuildLiteBehavior [ RunTime:0.000008s ]
INFO: [ app_init ] --END-- [ RunTime:0.000554s ]
INFO: [ app_begin ] --START--
INFO: Run Behavior\ReadHtmlCacheBehavior [ RunTime:0.000695s ]
INFO: [ app_begin ] --END-- [ RunTime:0.000721s ]
NOTIC: [8] Undefined index: DB_PARAMS /Users/linyanliu/www/bitgo/Corlib/Library/Think/Db/Driver.class.php 第 103 行.
SQL: SELECT `pro_name`,`pro_alias`,`pro_money`,`pro_num`,`pro_trade_net`,`pro_status_desc`,`pro_ico_base_price`,`pro_ico_now_price`,`pro_money_percent` FROM `data_project_config` WHERE `pro_is_delete` = 0  [ RunTime:0.0004s ]
INFO: [ app_end ] --START--
INFO: Run Behavior\ShowPageTraceBehavior [ RunTime:0.000665s ]
INFO: [ app_end ] --END-- [ RunTime:0.000690s ]

[ 2018-03-15T19:09:35+08:00 ] ::1 /index.php/admin/index/download
INFO: [ app_init ] --START--
INFO: Run Behavior\BuildLiteBehavior [ RunTime:0.000007s ]
INFO: [ app_init ] --END-- [ RunTime:0.000201s ]
INFO: [ app_begin ] --START--
INFO: Run Behavior\ReadHtmlCacheBehavior [ RunTime:0.000326s ]
INFO: [ app_begin ] --END-- [ RunTime:0.000346s ]
NOTIC: [8] Undefined index: DB_PARAMS /Users/linyanliu/www/bitgo/Corlib/Library/Think/Db/Driver.class.php 第 103 行.
SQL: SELECT `pro_name`,`pro_alias`,`pro_money`,`pro_num`,`pro_trade_net`,`pro_status_desc`,`pro_ico_base_price`,`pro_ico_now_price`,`pro_money_percent` FROM `data_project_config` WHERE `pro_is_delete` = 0  [ RunTime:0.0004s ]
INFO: [ app_end ] --START--
INFO: Run Behavior\ShowPageTraceBehavior [ RunTime:0.000288s ]
INFO: [ app_end ] --END-- [ RunTime:0.000304s ]

[ 2018-03-15T19:10:51+08:00 ] ::1 /index.php/admin/index/download
INFO: [ app_init ] --START--
INFO: Run Behavior\BuildLiteBehavior [ RunTime:0.000010s ]
INFO: [ app_init ] --END-- [ RunTime:0.000596s ]
INFO: [ app_begin ] --START--
INFO: Run Behavior\ReadHtmlCacheBehavior [ RunTime:0.000538s ]
INFO: [ app_begin ] --END-- [ RunTime:0.000572s ]
NOTIC: [8] Undefined index: DB_PARAMS /Users/linyanliu/www/bitgo/Corlib/Library/Think/Db/Driver.class.php 第 103 行.
SQL: SELECT `pro_name`,`pro_alias`,`pro_money`,`pro_num`,`pro_trade_net`,`pro_status_desc`,`pro_ico_base_price`,`pro_ico_now_price`,`pro_money_percent` FROM `data_project_config` WHERE `pro_is_delete` = 0  [ RunTime:0.0004s ]

[ 2018-03-15T19:12:10+08:00 ] ::1 /index.php/admin/index/download
INFO: [ app_init ] --START--
INFO: Run Behavior\BuildLiteBehavior [ RunTime:0.000007s ]
INFO: [ app_init ] --END-- [ RunTime:0.000474s ]
INFO: [ app_begin ] --START--
INFO: Run Behavior\ReadHtmlCacheBehavior [ RunTime:0.000521s ]
INFO: [ app_begin ] --END-- [ RunTime:0.000537s ]
NOTIC: [8] Undefined index: DB_PARAMS /Users/linyanliu/www/bitgo/Corlib/Library/Think/Db/Driver.class.php 第 103 行.
SQL: SELECT `pro_name`,`pro_alias`,`pro_money`,`pro_num`,`pro_trade_net`,`pro_status_desc`,`pro_ico_base_price`,`pro_ico_now_price`,`pro_money_percent` FROM `data_project_config` WHERE `pro_is_delete` = 0  [ RunTime:0.0005s ]

[ 2018-03-15T19:12:31+08:00 ] ::1 /index.php/admin/excel/bi
INFO: [ app_init ] --START--
INFO: Run Behavior\BuildLiteBehavior [ RunTime:0.000006s ]
INFO: [ app_init ] --END-- [ RunTime:0.000182s ]
INFO: [ app_begin ] --START--
INFO: Run Behavior\ReadHtmlCacheBehavior [ RunTime:0.000283s ]
INFO: [ app_begin ] --END-- [ RunTime:0.000301s ]
NOTIC: [8] Use of undefined constant j - assumed 'j' /Users/linyanliu/www/bitgo/Apps/Admin/Controller/ExcelController.class.php 第 149 行.
NOTIC: [8] Use of undefined constant j - assumed 'j' /Users/linyanliu/www/bitgo/Apps/Admin/Controller/ExcelController.class.php 第 149 行.
NOTIC: [8] Use of undefined constant j - assumed 'j' /Users/linyanliu/www/bitgo/Apps/Admin/Controller/ExcelController.class.php 第 149 行.
NOTIC: [8] Use of undefined constant j - assumed 'j' /Users/linyanliu/www/bitgo/Apps/Admin/Controller/ExcelController.class.php 第 149 行.
NOTIC: [8] Use of undefined constant j - assumed 'j' /Users/linyanliu/www/bitgo/Apps/Admin/Controller/ExcelController.class.php 第 149 行.
NOTIC: [8] Use of undefined constant j - assumed 'j' /Users/linyanliu/www/bitgo/Apps/Admin/Controller/ExcelController.class.php 第 149 行.
NOTIC: [8] Use of undefined constant j - assumed 'j' /Users/linyanliu/www/bitgo/Apps/Admin/Controller/ExcelController.class.php 第 149 行.
NOTIC: [8] Use of undefined constant j - assumed 'j' /Users/linyanliu/www/bitgo/Apps/Admin/Controller/ExcelController.class.php 第 149 行.
NOTIC: [8] Use of undefined constant j - assumed 'j' /Users/linyanliu/www/bitgo/Apps/Admin/Controller/ExcelController.class.php 第 149 行.
NOTIC: [8] Use of undefined constant j - assumed 'j' /Users/linyanliu/www/bitgo/Apps/Admin/Controller/ExcelController.class.php 第 149 行.
NOTIC: [8] Use of undefined constant j - assumed 'j' /Users/linyanliu/www/bitgo/Apps/Admin/Controller/ExcelController.class.php 第 149 行.
NOTIC: [8] Use of undefined constant j - assumed 'j' /Users/linyanliu/www/bitgo/Apps/Admin/Controller/ExcelController.class.php 第 149 行.
NOTIC: [8] Use of undefined constant j - assumed 'j' /Users/linyanliu/www/bitgo/Apps/Admin/Controller/ExcelController.class.php 第 149 行.
NOTIC: [8] Use of undefined constant j - assumed 'j' /Users/linyanliu/www/bitgo/Apps/Admin/Controller/ExcelController.class.php 第 149 行.
NOTIC: [8] Use of undefined constant j - assumed 'j' /Users/linyanliu/www/bitgo/Apps/Admin/Controller/ExcelController.class.php 第 149 行.
NOTIC: [8] Use of undefined constant j - assumed 'j' /Users/linyanliu/www/bitgo/Apps/Admin/Controller/ExcelController.class.php 第 149 行.
NOTIC: [8] Use of undefined constant j - assumed 'j' /Users/linyanliu/www/bitgo/Apps/Admin/Controller/ExcelController.class.php 第 149 行.
NOTIC: [8] Use of undefined constant j - assumed 'j' /Users/linyanliu/www/bitgo/Apps/Admin/Controller/ExcelController.class.php 第 149 行.
NOTIC: [8] Use of undefined constant j - assumed 'j' /Users/linyanliu/www/bitgo/Apps/Admin/Controller/ExcelController.class.php 第 149 行.
NOTIC: [8] Use of undefined constant j - assumed 'j' /Users/linyanliu/www/bitgo/Apps/Admin/Controller/ExcelController.class.php 第 149 行.

[ 2018-03-15T19:13:36+08:00 ] ::1 /index.php/admin/index/download
INFO: [ app_init ] --START--
INFO: Run Behavior\BuildLiteBehavior [ RunTime:0.000008s ]
INFO: [ app_init ] --END-- [ RunTime:0.000442s ]
INFO: [ app_begin ] --START--
INFO: Run Behavior\ReadHtmlCacheBehavior [ RunTime:0.000544s ]
INFO: [ app_begin ] --END-- [ RunTime:0.000565s ]
NOTIC: [8] Undefined index: DB_PARAMS /Users/linyanliu/www/bitgo/Corlib/Library/Think/Db/Driver.class.php 第 103 行.
SQL: SELECT `pro_name`,`pro_alias`,`pro_money`,`pro_num`,`pro_trade_net`,`pro_status_desc`,`pro_ico_base_price`,`pro_ico_now_price`,`pro_money_percent` FROM `data_project_config` WHERE `pro_is_delete` = 0  [ RunTime:0.0003s ]

[ 2018-03-15T19:13:54+08:00 ] ::1 /index.php/admin/index/download
INFO: [ app_init ] --START--
INFO: Run Behavior\BuildLiteBehavior [ RunTime:0.000005s ]
INFO: [ app_init ] --END-- [ RunTime:0.000149s ]
INFO: [ app_begin ] --START--
INFO: Run Behavior\ReadHtmlCacheBehavior [ RunTime:0.000223s ]
INFO: [ app_begin ] --END-- [ RunTime:0.000240s ]
NOTIC: [8] Undefined index: DB_PARAMS /Users/linyanliu/www/bitgo/Corlib/Library/Think/Db/Driver.class.php 第 103 行.
SQL: SELECT `pro_name`,`pro_alias`,`pro_money`,`pro_num`,`pro_trade_net`,`pro_status_desc`,`pro_ico_base_price`,`pro_ico_now_price`,`pro_money_percent` FROM `data_project_config` WHERE `pro_is_delete` = 0  [ RunTime:0.0003s ]
NOTIC: [8] Use of undefined constant j - assumed 'j' /Users/linyanliu/www/bitgo/Apps/Admin/Controller/ExcelController.class.php 第 47 行.
NOTIC: [8] Use of undefined constant j - assumed 'j' /Users/linyanliu/www/bitgo/Apps/Admin/Controller/ExcelController.class.php 第 47 行.
NOTIC: [8] Use of undefined constant j - assumed 'j' /Users/linyanliu/www/bitgo/Apps/Admin/Controller/ExcelController.class.php 第 47 行.
NOTIC: [8] Use of undefined constant j - assumed 'j' /Users/linyanliu/www/bitgo/Apps/Admin/Controller/ExcelController.class.php 第 47 行.
NOTIC: [8] Use of undefined constant j - assumed 'j' /Users/linyanliu/www/bitgo/Apps/Admin/Controller/ExcelController.class.php 第 47 行.
NOTIC: [8] Use of undefined constant j - assumed 'j' /Users/linyanliu/www/bitgo/Apps/Admin/Controller/ExcelController.class.php 第 47 行.
NOTIC: [8] Use of undefined constant j - assumed 'j' /Users/linyanliu/www/bitgo/Apps/Admin/Controller/ExcelController.class.php 第 47 行.
NOTIC: [8] Use of undefined constant j - assumed 'j' /Users/linyanliu/www/bitgo/Apps/Admin/Controller/ExcelController.class.php 第 47 行.
NOTIC: [8] Use of undefined constant j - assumed 'j' /Users/linyanliu/www/bitgo/Apps/Admin/Controller/ExcelController.class.php 第 47 行.
NOTIC: [8] Use of undefined constant j - assumed 'j' /Users/linyanliu/www/bitgo/Apps/Admin/Controller/ExcelController.class.php 第 47 行.
NOTIC: [8] Use of undefined constant j - assumed 'j' /Users/linyanliu/www/bitgo/Apps/Admin/Controller/ExcelController.class.php 第 47 行.
NOTIC: [8] Use of undefined constant j - assumed 'j' /Users/linyanliu/www/bitgo/Apps/Admin/Controller/ExcelController.class.php 第 47 行.
NOTIC: [8] Use of undefined constant j - assumed 'j' /Users/linyanliu/www/bitgo/Apps/Admin/Controller/ExcelController.class.php 第 47 行.
NOTIC: [8] Use of undefined constant j - assumed 'j' /Users/linyanliu/www/bitgo/Apps/Admin/Controller/ExcelController.class.php 第 47 行.
NOTIC: [8] Use of undefined constant j - assumed 'j' /Users/linyanliu/www/bitgo/Apps/Admin/Controller/ExcelController.class.php 第 47 行.
NOTIC: [8] Use of undefined constant j - assumed 'j' /Users/linyanliu/www/bitgo/Apps/Admin/Controller/ExcelController.class.php 第 47 行.
NOTIC: [8] Use of undefined constant j - assumed 'j' /Users/linyanliu/www/bitgo/Apps/Admin/Controller/ExcelController.class.php 第 47 行.
NOTIC: [8] Use of undefined constant j - assumed 'j' /Users/linyanliu/www/bitgo/Apps/Admin/Controller/ExcelController.class.php 第 47 行.
NOTIC: [8] Use of undefined constant j - assumed 'j' /Users/linyanliu/www/bitgo/Apps/Admin/Controller/ExcelController.class.php 第 47 行.
NOTIC: [8] Use of undefined constant j - assumed 'j' /Users/linyanliu/www/bitgo/Apps/Admin/Controller/ExcelController.class.php 第 47 行.

[ 2018-03-15T19:15:50+08:00 ] ::1 /index.php/admin/index/download
INFO: [ app_init ] --START--
INFO: Run Behavior\BuildLiteBehavior [ RunTime:0.000006s ]
INFO: [ app_init ] --END-- [ RunTime:0.000162s ]
INFO: [ app_begin ] --START--
INFO: Run Behavior\ReadHtmlCacheBehavior [ RunTime:0.000206s ]
INFO: [ app_begin ] --END-- [ RunTime:0.000220s ]
NOTIC: [8] Undefined index: DB_PARAMS /Users/linyanliu/www/bitgo/Corlib/Library/Think/Db/Driver.class.php 第 103 行.
SQL: SELECT `pro_name`,`pro_alias`,`pro_money`,`pro_num`,`pro_trade_net`,`pro_status_desc`,`pro_ico_base_price`,`pro_ico_now_price`,`pro_money_percent` FROM `data_project_config` WHERE `pro_is_delete` = 0  [ RunTime:0.0003s ]

[ 2018-03-15T19:17:02+08:00 ] ::1 /index.php/admin/index/download
INFO: [ app_init ] --START--
INFO: Run Behavior\BuildLiteBehavior [ RunTime:0.000007s ]
INFO: [ app_init ] --END-- [ RunTime:0.000269s ]
INFO: [ app_begin ] --START--
INFO: Run Behavior\ReadHtmlCacheBehavior [ RunTime:0.000230s ]
INFO: [ app_begin ] --END-- [ RunTime:0.000247s ]
NOTIC: [8] Undefined index: DB_PARAMS /Users/linyanliu/www/bitgo/Corlib/Library/Think/Db/Driver.class.php 第 103 行.
SQL: SELECT `pro_name`,`pro_alias`,`pro_money`,`pro_num`,`pro_trade_net`,`pro_status_desc`,`pro_ico_base_price`,`pro_ico_now_price`,`pro_money_percent` FROM `data_project_config` WHERE `pro_is_delete` = 0  [ RunTime:0.0003s ]

[ 2018-03-15T19:17:34+08:00 ] ::1 /index.php/admin/index/download
INFO: [ app_init ] --START--
INFO: Run Behavior\BuildLiteBehavior [ RunTime:0.000006s ]
INFO: [ app_init ] --END-- [ RunTime:0.000162s ]
INFO: [ app_begin ] --START--
INFO: Run Behavior\ReadHtmlCacheBehavior [ RunTime:0.000206s ]
INFO: [ app_begin ] --END-- [ RunTime:0.000219s ]
NOTIC: [8] Undefined index: DB_PARAMS /Users/linyanliu/www/bitgo/Corlib/Library/Think/Db/Driver.class.php 第 103 行.
SQL: SELECT `pro_name`,`pro_alias`,`pro_money`,`pro_num`,`pro_trade_net`,`pro_status_desc`,`pro_ico_base_price`,`pro_ico_now_price`,`pro_money_percent` FROM `data_project_config` WHERE `pro_is_delete` = 0  [ RunTime:0.0003s ]

